[0.062s] DEBUG:colcon:Command line arguments: ['/usr/bin/colcon', 'list', '-p', '--base-paths', '/home/mecha/robocon/src/robocon']
[0.062s] DEBUG:colcon:Parsed command line arguments: Namespace(log_base=None, log_level=None, verb_name='list', build_base='build', ignore_user_meta=False, metas=['./colcon.meta'], base_paths=['/home/mecha/robocon/src/robocon'], packages_ignore=None, packages_ignore_regex=None, paths=None, packages_up_to=None, packages_up_to_regex=None, packages_above=None, packages_above_and_dependencies=None, packages_above_depth=None, packages_select_by_dep=None, packages_skip_by_dep=None, packages_skip_up_to=None, packages_select_build_failed=False, packages_skip_build_finished=False, packages_select_test_failures=False, packages_skip_test_passed=False, packages_select=None, packages_skip=None, packages_select_regex=None, packages_skip_regex=None, packages_start=None, packages_end=None, allow_overriding=[], topological_order=False, names_only=False, paths_only=True, topological_graph=False, topological_graph_dot=False, topological_graph_density=False, topological_graph_legend=False, topological_graph_dot_cluster=False, topological_graph_dot_include_skipped=False, verb_parser=<colcon_defaults.argument_parser.defaults.DefaultArgumentsDecorator object at 0x7c4a17ec7c10>, verb_extension=<colcon_package_information.verb.list.ListVerb object at 0x7c4a1848fee0>, main=<bound method ListVerb.main of <colcon_package_information.verb.list.ListVerb object at 0x7c4a1848fee0>>)
[0.197s] Level 1:colcon.colcon_core.package_discovery:discover_packages(colcon_meta) check parameters
[0.197s] Level 1:colcon.colcon_core.package_discovery:discover_packages(recursive) check parameters
[0.197s] Level 1:colcon.colcon_core.package_discovery:discover_packages(ignore) check parameters
[0.197s] Level 1:colcon.colcon_core.package_discovery:discover_packages(path) check parameters
[0.197s] Level 1:colcon.colcon_core.package_discovery:discover_packages(recursive) discover
[0.197s] INFO:colcon.colcon_core.package_discovery:Crawling recursively for packages in '/home/mecha/robocon/src/robocon'
[0.197s] Level 1:colcon.colcon_core.package_identification:_identify(/home/mecha/robocon/src/robocon) by extensions ['ignore', 'ignore_ament_install']
[0.197s] Level 1:colcon.colcon_core.package_identification:_identify(/home/mecha/robocon/src/robocon) by extension 'ignore'
[0.197s] Level 1:colcon.colcon_core.package_identification:_identify(/home/mecha/robocon/src/robocon) by extension 'ignore_ament_install'
[0.197s] Level 1:colcon.colcon_core.package_identification:_identify(/home/mecha/robocon/src/robocon) by extensions ['colcon_pkg']
[0.197s] Level 1:colcon.colcon_core.package_identification:_identify(/home/mecha/robocon/src/robocon) by extension 'colcon_pkg'
[0.197s] Level 1:colcon.colcon_core.package_identification:_identify(/home/mecha/robocon/src/robocon) by extensions ['colcon_meta']
[0.197s] Level 1:colcon.colcon_core.package_identification:_identify(/home/mecha/robocon/src/robocon) by extension 'colcon_meta'
[0.197s] Level 1:colcon.colcon_core.package_identification:_identify(/home/mecha/robocon/src/robocon) by extensions ['ros']
[0.197s] Level 1:colcon.colcon_core.package_identification:_identify(/home/mecha/robocon/src/robocon) by extension 'ros'
[0.212s] Level 1:colcon.colcon_core.package_identification:_identify(/home/mecha/robocon/src/robocon) by extensions ['cmake', 'python']
[0.212s] Level 1:colcon.colcon_core.package_identification:_identify(/home/mecha/robocon/src/robocon) by extension 'cmake'
[0.212s] Level 1:colcon.colcon_core.package_identification:_identify(/home/mecha/robocon/src/robocon) by extension 'python'
[0.212s] Level 1:colcon.colcon_core.package_identification:_identify(/home/mecha/robocon/src/robocon) by extensions ['python_setup_py']
[0.212s] Level 1:colcon.colcon_core.package_identification:_identify(/home/mecha/robocon/src/robocon) by extension 'python_setup_py'
[0.212s] Level 1:colcon.colcon_core.package_identification:_identify(/home/mecha/robocon/src/robocon/custom_interfaces) by extensions ['ignore', 'ignore_ament_install']
[0.212s] Level 1:colcon.colcon_core.package_identification:_identify(/home/mecha/robocon/src/robocon/custom_interfaces) by extension 'ignore'
[0.212s] Level 1:colcon.colcon_core.package_identification:_identify(/home/mecha/robocon/src/robocon/custom_interfaces) by extension 'ignore_ament_install'
[0.212s] Level 1:colcon.colcon_core.package_identification:_identify(/home/mecha/robocon/src/robocon/custom_interfaces) by extensions ['colcon_pkg']
[0.212s] Level 1:colcon.colcon_core.package_identification:_identify(/home/mecha/robocon/src/robocon/custom_interfaces) by extension 'colcon_pkg'
[0.212s] Level 1:colcon.colcon_core.package_identification:_identify(/home/mecha/robocon/src/robocon/custom_interfaces) by extensions ['colcon_meta']
[0.212s] Level 1:colcon.colcon_core.package_identification:_identify(/home/mecha/robocon/src/robocon/custom_interfaces) by extension 'colcon_meta'
[0.212s] Level 1:colcon.colcon_core.package_identification:_identify(/home/mecha/robocon/src/robocon/custom_interfaces) by extensions ['ros']
[0.212s] Level 1:colcon.colcon_core.package_identification:_identify(/home/mecha/robocon/src/robocon/custom_interfaces) by extension 'ros'
[0.214s] DEBUG:colcon.colcon_core.package_identification:Package '/home/mecha/robocon/src/robocon/custom_interfaces' with type 'ros.ament_cmake' and name 'custom_interfaces'
[0.214s] Level 1:colcon.colcon_core.package_identification:_identify(/home/mecha/robocon/src/robocon/log) by extensions ['ignore', 'ignore_ament_install']
[0.214s] Level 1:colcon.colcon_core.package_identification:_identify(/home/mecha/robocon/src/robocon/log) by extension 'ignore'
[0.214s] Level 1:colcon.colcon_core.package_identification:_identify(/home/mecha/robocon/src/robocon/log) ignored
[0.215s] Level 1:colcon.colcon_core.package_identification:_identify(/home/mecha/robocon/src/robocon/object_detection) by extensions ['ignore', 'ignore_ament_install']
[0.215s] Level 1:colcon.colcon_core.package_identification:_identify(/home/mecha/robocon/src/robocon/object_detection) by extension 'ignore'
[0.215s] Level 1:colcon.colcon_core.package_identification:_identify(/home/mecha/robocon/src/robocon/object_detection) by extension 'ignore_ament_install'
[0.215s] Level 1:colcon.colcon_core.package_identification:_identify(/home/mecha/robocon/src/robocon/object_detection) by extensions ['colcon_pkg']
[0.215s] Level 1:colcon.colcon_core.package_identification:_identify(/home/mecha/robocon/src/robocon/object_detection) by extension 'colcon_pkg'
[0.215s] Level 1:colcon.colcon_core.package_identification:_identify(/home/mecha/robocon/src/robocon/object_detection) by extensions ['colcon_meta']
[0.215s] Level 1:colcon.colcon_core.package_identification:_identify(/home/mecha/robocon/src/robocon/object_detection) by extension 'colcon_meta'
[0.215s] Level 1:colcon.colcon_core.package_identification:_identify(/home/mecha/robocon/src/robocon/object_detection) by extensions ['ros']
[0.215s] Level 1:colcon.colcon_core.package_identification:_identify(/home/mecha/robocon/src/robocon/object_detection) by extension 'ros'
[0.215s] DEBUG:colcon.colcon_core.package_identification:Package '/home/mecha/robocon/src/robocon/object_detection' with type 'ros.ament_cmake' and name 'object_detection'
[0.215s] Level 1:colcon.colcon_core.package_identification:_identify(/home/mecha/robocon/src/robocon/robot_two) by extensions ['ignore', 'ignore_ament_install']
[0.215s] Level 1:colcon.colcon_core.package_identification:_identify(/home/mecha/robocon/src/robocon/robot_two) by extension 'ignore'
[0.215s] Level 1:colcon.colcon_core.package_identification:_identify(/home/mecha/robocon/src/robocon/robot_two) by extension 'ignore_ament_install'
[0.215s] Level 1:colcon.colcon_core.package_identification:_identify(/home/mecha/robocon/src/robocon/robot_two) by extensions ['colcon_pkg']
[0.215s] Level 1:colcon.colcon_core.package_identification:_identify(/home/mecha/robocon/src/robocon/robot_two) by extension 'colcon_pkg'
[0.215s] Level 1:colcon.colcon_core.package_identification:_identify(/home/mecha/robocon/src/robocon/robot_two) by extensions ['colcon_meta']
[0.215s] Level 1:colcon.colcon_core.package_identification:_identify(/home/mecha/robocon/src/robocon/robot_two) by extension 'colcon_meta'
[0.215s] Level 1:colcon.colcon_core.package_identification:_identify(/home/mecha/robocon/src/robocon/robot_two) by extensions ['ros']
[0.215s] Level 1:colcon.colcon_core.package_identification:_identify(/home/mecha/robocon/src/robocon/robot_two) by extension 'ros'
[0.216s] DEBUG:colcon.colcon_core.package_identification:Package '/home/mecha/robocon/src/robocon/robot_two' with type 'ros.ament_cmake' and name 'robot_two'
[0.216s] Level 1:colcon.colcon_core.package_discovery:discover_packages(recursive) using defaults
